{
"contracts/EDuCoin.sol":{"l":{"34":30,"39":633,"44":1},"path":"/Users/alexsindalovsky/dev/EDC-TT-Smart-Contract/hardhat-files/contracts/EDuCoin.sol","s":{"1":30,"2":633,"3":1},"b":{},"f":{"1":30,"2":633,"3":1},"fnMap":{"1":{"name":"constructor","line":31,"loc":{"start":{"line":19,"column":4},"end":{"line":35,"column":4}}},"2":{"name":"_msgSender","line":38,"loc":{"start":{"line":38,"column":4},"end":{"line":40,"column":4}}},"3":{"name":"_msgData","line":43,"loc":{"start":{"line":43,"column":4},"end":{"line":45,"column":4}}}},"statementMap":{"1":{"start":{"line":34,"column":8},"end":{"line":34,"column":59}},"2":{"start":{"line":39,"column":8},"end":{"line":39,"column":56}},"3":{"start":{"line":44,"column":8},"end":{"line":44,"column":54}}},"branchMap":{}},
"contracts/EDuCoinMock.sol":{"l":{"22":633,"27":1,"31":1},"path":"/Users/alexsindalovsky/dev/EDC-TT-Smart-Contract/hardhat-files/contracts/EDuCoinMock.sol","s":{"1":633,"2":1,"3":1},"b":{},"f":{"1":24,"2":633,"3":1,"4":1},"fnMap":{"1":{"name":"constructor","line":18,"loc":{"start":{"line":11,"column":4},"end":{"line":18,"column":94}}},"2":{"name":"_msgSender","line":21,"loc":{"start":{"line":21,"column":4},"end":{"line":23,"column":4}}},"3":{"name":"_msgData","line":26,"loc":{"start":{"line":26,"column":4},"end":{"line":28,"column":4}}},"4":{"name":"__msgData","line":30,"loc":{"start":{"line":30,"column":4},"end":{"line":32,"column":4}}}},"statementMap":{"1":{"start":{"line":22,"column":8},"end":{"line":22,"column":35}},"2":{"start":{"line":27,"column":8},"end":{"line":27,"column":33}},"3":{"start":{"line":31,"column":8},"end":{"line":31,"column":25}}},"branchMap":{}}}
