TN:
SF:/Users/alexsindalovsky/dev/EDC-TT-Smart-Contract/hardhat-files/contracts/EDuCoin.sol
FN:31,constructor
FN:38,_msgSender
FN:43,_msgData
FNF:3
FNH:3
FNDA:30,constructor
FNDA:633,_msgSender
FNDA:1,_msgData
DA:34,30
DA:39,633
DA:44,1
LF:3
LH:3
BRF:0
BRH:0
end_of_record
TN:
SF:/Users/alexsindalovsky/dev/EDC-TT-Smart-Contract/hardhat-files/contracts/EDuCoinMock.sol
FN:18,constructor
FN:21,_msgSender
FN:26,_msgData
FN:30,__msgData
FNF:4
FNH:4
FNDA:24,constructor
FNDA:633,_msgSender
FNDA:1,_msgData
FNDA:1,__msgData
DA:22,633
DA:27,1
DA:31,1
LF:3
LH:3
BRF:0
BRH:0
end_of_record
